[2020-03-30T20:28:52.594] [DEBUG] default - BeforeAll
[2020-03-30T20:29:27.808] [DEBUG] default - TimeoutError: Element taking too long to appear in the DOM
Wait timed out after 30004ms
    at /myfiles/Protractor/Protractor_ts_cucumber/node_modules/selenium-webdriver/lib/promise.js:2201:17
    at runMicrotasks (<anonymous>)
    at processTicksAndRejections (internal/process/task_queues.js:97:5) {
  name: 'TimeoutError',
  remoteStacktrace: '',
  [Symbol(originalCallSite)]: [ CallSite {}, CallSite {}, CallSite {} ],
  [Symbol(mutatedCallSite)]: [ CallSite {}, CallSite {}, CallSite {} ]
}
[2020-03-30T20:29:27.819] [DEBUG] default - AfterAll
[2020-03-30T20:32:34.307] [DEBUG] default - BeforeAll
[2020-03-30T20:33:10.933] [DEBUG] default - TimeoutError: Element taking too long to appear in the DOM
Wait timed out after 30009ms
    at /myfiles/Protractor/Protractor_ts_cucumber/node_modules/selenium-webdriver/lib/promise.js:2201:17
    at runMicrotasks (<anonymous>)
    at processTicksAndRejections (internal/process/task_queues.js:97:5) {
  name: 'TimeoutError',
  remoteStacktrace: '',
  [Symbol(originalCallSite)]: [ CallSite {}, CallSite {}, CallSite {} ],
  [Symbol(mutatedCallSite)]: [ CallSite {}, CallSite {}, CallSite {} ]
}
[2020-03-30T20:33:10.944] [DEBUG] default - AfterAll
[2020-03-30T20:35:32.537] [DEBUG] default - BeforeAll
[2020-03-30T20:36:06.635] [DEBUG] default - TimeoutError: Element taking too long to appear in the DOM
Wait timed out after 30005ms
    at /myfiles/Protractor/Protractor_ts_cucumber/node_modules/selenium-webdriver/lib/promise.js:2201:17
    at runMicrotasks (<anonymous>)
    at processTicksAndRejections (internal/process/task_queues.js:97:5) {
  name: 'TimeoutError',
  remoteStacktrace: '',
  [Symbol(originalCallSite)]: [ CallSite {}, CallSite {}, CallSite {} ],
  [Symbol(mutatedCallSite)]: [ CallSite {}, CallSite {}, CallSite {} ]
}
[2020-03-30T20:36:06.654] [DEBUG] default - AfterAll
[2020-03-30T20:39:21.562] [DEBUG] default - BeforeAll
[2020-03-30T20:39:57.621] [DEBUG] default - TimeoutError: Element taking too long to appear in the DOM
Wait timed out after 30004ms
    at /myfiles/Protractor/Protractor_ts_cucumber/node_modules/selenium-webdriver/lib/promise.js:2201:17
    at runMicrotasks (<anonymous>)
    at processTicksAndRejections (internal/process/task_queues.js:97:5) {
  name: 'TimeoutError',
  remoteStacktrace: '',
  [Symbol(originalCallSite)]: [ CallSite {}, CallSite {}, CallSite {} ],
  [Symbol(mutatedCallSite)]: [ CallSite {}, CallSite {}, CallSite {} ]
}
[2020-03-30T20:39:57.641] [DEBUG] default - AfterAll
[2020-03-30T20:41:53.003] [DEBUG] default - BeforeAll
[2020-03-30T20:42:26.677] [DEBUG] default - TimeoutError: Element taking too long to appear in the DOM
Wait timed out after 30008ms
    at /myfiles/Protractor/Protractor_ts_cucumber/node_modules/selenium-webdriver/lib/promise.js:2201:17
    at runMicrotasks (<anonymous>)
    at processTicksAndRejections (internal/process/task_queues.js:97:5) {
  name: 'TimeoutError',
  remoteStacktrace: '',
  [Symbol(originalCallSite)]: [ CallSite {}, CallSite {}, CallSite {} ],
  [Symbol(mutatedCallSite)]: [ CallSite {}, CallSite {}, CallSite {} ]
}
[2020-03-30T20:42:26.691] [DEBUG] default - AfterAll
[2020-03-30T20:48:41.288] [DEBUG] default - BeforeAll
[2020-03-30T20:48:43.840] [DEBUG] default - Starting
[2020-03-30T20:48:43.876] [DEBUG] default - XYZ Bank
[2020-03-30T20:48:43.971] [DEBUG] default - clicked on -by.buttonText("Bank Manager Login")
[2020-03-30T20:48:45.040] [DEBUG] default - clicked on -by.buttonText("Add Customer")
[2020-03-30T20:48:45.041] [DEBUG] default - Cust_fnCust_ln1234
[2020-03-30T20:48:45.563] [DEBUG] default - clicked on -By(css selector, .btn.btn-default)
[2020-03-30T20:48:46.573] [DEBUG] default - alert text :- Customer added successfully with customer id :6
[2020-03-30T20:48:49.657] [DEBUG] default - clicked on -by.buttonText("Open Account")
[2020-03-30T20:48:49.671] [DEBUG] default - NoSuchElementError: No element found using locator: by.buttonText("Process")
    at /myfiles/Protractor/Protractor_ts_cucumber/node_modules/protractor/built/element.js:814:27
    at processTicksAndRejections (internal/process/task_queues.js:97:5)Error
    at ElementArrayFinder.applyAction_ (/myfiles/Protractor/Protractor_ts_cucumber/node_modules/protractor/built/element.js:459:27)
    at ElementArrayFinder.<computed> [as getText] (/myfiles/Protractor/Protractor_ts_cucumber/node_modules/protractor/built/element.js:91:29)
    at ElementFinder.<computed> [as getText] (/myfiles/Protractor/Protractor_ts_cucumber/node_modules/protractor/built/element.js:831:22)
    at Function.<anonymous> (/myfiles/Protractor/Protractor_ts_cucumber/Utility/Util.ts:37:40)
    at step (/myfiles/Protractor/Protractor_ts_cucumber/outputjs/Utility/Util.js:33:23)
    at Object.next (/myfiles/Protractor/Protractor_ts_cucumber/outputjs/Utility/Util.js:14:53)
    at /myfiles/Protractor/Protractor_ts_cucumber/outputjs/Utility/Util.js:8:71
    at new Promise (<anonymous>)
    at __awaiter (/myfiles/Protractor/Protractor_ts_cucumber/outputjs/Utility/Util.js:4:12)
    at Function.Util.getText (/myfiles/Protractor/Protractor_ts_cucumber/outputjs/Utility/Util.js:92:16)
    at /myfiles/Protractor/Protractor_ts_cucumber/stepDef/Customers.ts:41:29
    at step (/myfiles/Protractor/Protractor_ts_cucumber/outputjs/stepDef/Customers.js:33:23)
    at Object.next (/myfiles/Protractor/Protractor_ts_cucumber/outputjs/stepDef/Customers.js:14:53)
    at fulfilled (/myfiles/Protractor/Protractor_ts_cucumber/outputjs/stepDef/Customers.js:5:58)
    at processTicksAndRejections (internal/process/task_queues.js:97:5) {
  name: 'NoSuchElementError',
  remoteStacktrace: '',
  [Symbol(originalCallSite)]: [ CallSite {}, CallSite {} ],
  [Symbol(mutatedCallSite)]: [ CallSite {}, CallSite {} ]
}
[2020-03-30T20:48:49.678] [DEBUG] default - AfterAll
[2020-03-30T20:53:45.914] [DEBUG] default - BeforeAll
[2020-03-30T20:53:56.498] [DEBUG] default - Starting
[2020-03-30T20:53:56.542] [DEBUG] default - XYZ Bank
[2020-03-30T20:53:56.569] [DEBUG] default - Starting
[2020-03-30T20:53:56.591] [DEBUG] default - XYZ Bank
[2020-03-30T20:54:27.627] [DEBUG] default - TimeoutError: Element taking too long to appear in the DOM
Wait timed out after 30007ms
    at /myfiles/Protractor/Protractor_ts_cucumber/node_modules/selenium-webdriver/lib/promise.js:2201:17
    at runMicrotasks (<anonymous>)
    at processTicksAndRejections (internal/process/task_queues.js:97:5) {
  name: 'TimeoutError',
  remoteStacktrace: '',
  [Symbol(originalCallSite)]: [ CallSite {}, CallSite {}, CallSite {} ],
  [Symbol(mutatedCallSite)]: [ CallSite {}, CallSite {}, CallSite {} ]
}
[2020-03-30T20:54:27.633] [DEBUG] default - AfterAll
